<?xml version="1.0" encoding="UTF-8"?>
<!-- Generated by org.testng.reporters.JUnitReportReporter -->
<testsuite hostname="EPCNSZXW0095" name="com.epam.automation.ivanfan.AutomationFramework.GMailTest" tests="1" failures="0" timestamp="11 Apr 2016 04:54:37 GMT" time="0.004" errors="0">
  <testcase name="testGMail" time="0.004" classname="com.epam.automation.ivanfan.AutomationFramework.GMailTest"/>
</testsuite> <!-- com.epam.automation.ivanfan.AutomationFramework.GMailTest -->
