<?xml version="1.0" encoding="UTF-8"?>
<!-- Generated by org.testng.reporters.JUnitReportReporter -->
<testsuite hostname="EPCNSZXW0095" name="com.epam.cnta.webdriver.ivanfan.GmailTest" tests="1" failures="0" timestamp="31 Mar 2016 02:45:08 GMT" time="38.114" errors="0">
  <testcase name="testGMail" time="38.114" classname="com.epam.cnta.webdriver.ivanfan.GmailTest"/>
</testsuite> <!-- com.epam.cnta.webdriver.ivanfan.GmailTest -->
