<?xml version="1.0" encoding="UTF-8"?>
<!-- Generated by org.testng.reporters.JUnitReportReporter -->
<testsuite hostname="EPBYMINW0610" name="com.epam.cnta.webdriver.demo2.additional.native_page_object_constructor_modified.GitHubTest" tests="1" failures="0" timestamp="20 Feb 2016 08:32:28 GMT" time="8.393" errors="0">
  <testcase name="loginToGithub" time="8.393" classname="com.epam.cnta.webdriver.demo2.additional.native_page_object_constructor_modified.GitHubTest"/>
</testsuite> <!-- com.epam.cnta.webdriver.demo2.additional.native_page_object_constructor_modified.GitHubTest -->
