<?xml version="1.0" encoding="UTF-8"?>
<!-- Generated by org.testng.reporters.JUnitReportReporter -->
<testsuite hostname="EPBYMINW0610" name="com.epam.cnta.webdriver.demo3.custom_page_object.GitHubRemoteDriverTest" tests="1" failures="0" timestamp="29 Feb 2016 11:33:12 GMT" time="22.135" errors="0">
  <testcase name="loginToGithub" time="22.135" classname="com.epam.cnta.webdriver.demo3.custom_page_object.GitHubRemoteDriverTest"/>
</testsuite> <!-- com.epam.cnta.webdriver.demo3.custom_page_object.GitHubRemoteDriverTest -->
