<?xml version="1.0" encoding="UTF-8"?>
<!-- Generated by org.testng.reporters.JUnitReportReporter -->
<testsuite hostname="EPBYMINW0610" name="com.epam.cnta.webdriver.demo3.ActionsDemo" tests="4" failures="0" timestamp="28 Feb 2016 19:03:50 GMT" time="25.019" errors="0">
  <testcase name="droppable" time="3.099" classname="com.epam.cnta.webdriver.demo3.ActionsDemo"/>
  <testcase name="selectMultiple" time="7.813" classname="com.epam.cnta.webdriver.demo3.ActionsDemo"/>
  <testcase name="contextClick" time="10.085" classname="com.epam.cnta.webdriver.demo3.ActionsDemo"/>
  <testcase name="draggable" time="4.022" classname="com.epam.cnta.webdriver.demo3.ActionsDemo"/>
</testsuite> <!-- com.epam.cnta.webdriver.demo3.ActionsDemo -->
