<?xml version="1.0" encoding="UTF-8"?>
<!-- Generated by org.testng.reporters.JUnitReportReporter -->
<testsuite hostname="EPBYMINW0610" name="com.epam.cnta.webdriver.demo3.custom_page_object.GitHubTest" tests="1" failures="0" timestamp="26 Feb 2016 10:59:26 GMT" time="10.412" errors="0">
  <testcase name="loginToGithub" time="10.412" classname="com.epam.cnta.webdriver.demo3.custom_page_object.GitHubTest"/>
</testsuite> <!-- com.epam.cnta.webdriver.demo3.custom_page_object.GitHubTest -->
