<?xml version="1.0" encoding="UTF-8"?>
<!-- Generated by org.testng.reporters.JUnitReportReporter -->
<testsuite hostname="EPBYMINW0610" name="com.epam.cnta.webdriver.demo3.custom_page_object.tests.ActionsDemoTest" tests="4" failures="0" timestamp="29 Feb 2016 11:49:32 GMT" time="27.003" errors="0">
  <testcase name="selectMultiple" time="6.253" classname="com.epam.cnta.webdriver.demo3.custom_page_object.tests.ActionsDemoTest"/>
  <testcase name="contextClick" time="6.935" classname="com.epam.cnta.webdriver.demo3.custom_page_object.tests.ActionsDemoTest"/>
  <testcase name="draggable" time="7.867" classname="com.epam.cnta.webdriver.demo3.custom_page_object.tests.ActionsDemoTest"/>
  <testcase name="droppable" time="5.948" classname="com.epam.cnta.webdriver.demo3.custom_page_object.tests.ActionsDemoTest"/>
</testsuite> <!-- com.epam.cnta.webdriver.demo3.custom_page_object.tests.ActionsDemoTest -->
