<?xml version="1.0" encoding="UTF-8"?>
<!-- Generated by org.testng.reporters.JUnitReportReporter -->
<testsuite hostname="EPBYMINW0610" name="com.epam.cnta.webdriver.demo2.lection_demo_native_page_object.GitHubTest" tests="1" failures="0" timestamp="20 Feb 2016 08:31:05 GMT" time="8.925" errors="0">
  <testcase name="loginToGithub" time="8.925" classname="com.epam.cnta.webdriver.demo2.lection_demo_native_page_object.GitHubTest"/>
</testsuite> <!-- com.epam.cnta.webdriver.demo2.lection_demo_native_page_object.GitHubTest -->
