<?xml version="1.0" encoding="UTF-8"?>
<!-- Generated by org.testng.reporters.JUnitReportReporter -->
<testsuite hostname="EPBYMINW0610" name="com.epam.cnta.webdriver.demo1.GitHubTest" tests="1" failures="0" timestamp="26 Feb 2016 08:39:58 GMT" time="10.547" errors="0">
  <testcase name="loginToGithub" time="10.547" classname="com.epam.cnta.webdriver.demo1.GitHubTest"/>
</testsuite> <!-- com.epam.cnta.webdriver.demo1.GitHubTest -->
