<?xml version="1.0" encoding="UTF-8"?>
<!-- Generated by org.testng.reporters.JUnitReportReporter -->
<testsuite hostname="EPBYMINW0610" name="com.epam.cnta.webdriver.demo3.custom_page_object.ActionsDemoTest" tests="4" failures="0" timestamp="29 Feb 2016 11:31:01 GMT" time="26.184" errors="0">
  <testcase name="contextClick" time="6.629" classname="com.epam.cnta.webdriver.demo3.custom_page_object.ActionsDemoTest"/>
  <testcase name="droppable" time="6.204" classname="com.epam.cnta.webdriver.demo3.custom_page_object.ActionsDemoTest"/>
  <testcase name="selectMultiple" time="6.148" classname="com.epam.cnta.webdriver.demo3.custom_page_object.ActionsDemoTest"/>
  <testcase name="draggable" time="7.203" classname="com.epam.cnta.webdriver.demo3.custom_page_object.ActionsDemoTest"/>
</testsuite> <!-- com.epam.cnta.webdriver.demo3.custom_page_object.ActionsDemoTest -->
