<?xml version="1.0" encoding="UTF-8"?>
<!-- Generated by org.testng.reporters.JUnitReportReporter -->
<testsuite hostname="EPBYMINW0610" name="com.epam.cnta.webdriver.demo3.custom_page_object.tests.GitHubRemoteDriverTest" tests="1" failures="0" timestamp="29 Feb 2016 11:50:24 GMT" time="22.170" errors="0">
  <testcase name="loginToGithub" time="22.170" classname="com.epam.cnta.webdriver.demo3.custom_page_object.tests.GitHubRemoteDriverTest"/>
</testsuite> <!-- com.epam.cnta.webdriver.demo3.custom_page_object.tests.GitHubRemoteDriverTest -->
