<?xml version="1.0" encoding="UTF-8"?>
<!-- Generated by org.testng.reporters.JUnitReportReporter -->
<testsuite hostname="EPBYMINW0610" name="com.epam.cnta.webdriver.demo2.additional.custom_page_object.GitHubTest" tests="1" failures="0" timestamp="20 Feb 2016 08:33:50 GMT" time="7.792" errors="0">
  <testcase name="loginToGithub" time="7.792" classname="com.epam.cnta.webdriver.demo2.additional.custom_page_object.GitHubTest"/>
</testsuite> <!-- com.epam.cnta.webdriver.demo2.additional.custom_page_object.GitHubTest -->
