<?xml version="1.0" encoding="UTF-8"?>
<!-- Generated by org.testng.reporters.JUnitReportReporter -->
<testsuite hostname="EPCNSZXW0095" name="com.epam.cnta.webdriver.demo1.GitHubTest" tests="1" failures="0" timestamp="17 Mar 2016 02:55:07 GMT" time="10.952" errors="0">
  <testcase name="loginToGithub" time="10.952" classname="com.epam.cnta.webdriver.demo1.GitHubTest"/>
</testsuite> <!-- com.epam.cnta.webdriver.demo1.GitHubTest -->
