<?xml version="1.0" encoding="UTF-8"?>
<!-- Generated by org.testng.reporters.JUnitReportReporter -->
<testsuite hostname="EPCNSZXW0095" name="com.epam.cnta.webdriver.demo2.additional.native_page_object_with_abstract_page.GitHubTest" tests="1" failures="0" timestamp="17 Mar 2016 02:55:07 GMT" time="6.565" errors="0">
  <testcase name="loginToGithub" time="6.565" classname="com.epam.cnta.webdriver.demo2.additional.native_page_object_with_abstract_page.GitHubTest"/>
</testsuite> <!-- com.epam.cnta.webdriver.demo2.additional.native_page_object_with_abstract_page.GitHubTest -->
