<?xml version="1.0" encoding="UTF-8"?>
<!-- Generated by org.testng.reporters.JUnitReportReporter -->
<testsuite hostname="EPCNSZXW0095" name="com.epam.cnta.webdriver.demo2.lection_demo_native_page_object.GitHubTest" tests="1" failures="0" timestamp="17 Mar 2016 02:55:07 GMT" time="7.252" errors="0">
  <testcase name="loginToGithub" time="7.252" classname="com.epam.cnta.webdriver.demo2.lection_demo_native_page_object.GitHubTest"/>
</testsuite> <!-- com.epam.cnta.webdriver.demo2.lection_demo_native_page_object.GitHubTest -->
