<?xml version="1.0" encoding="UTF-8"?>
<!-- Generated by org.testng.reporters.JUnitReportReporter -->
<testsuite hostname="EPBYMINW0610" name="com.epam.cnta.webdriver.demo2.GitHubTest" tests="1" failures="0" timestamp="19 Feb 2016 10:46:21 GMT" time="4.238" errors="0">
  <testcase name="loginToGithub" time="4.238" classname="com.epam.cnta.webdriver.demo2.GitHubTest"/>
</testsuite> <!-- com.epam.cnta.webdriver.demo2.GitHubTest -->
