<?xml version="1.0" encoding="UTF-8"?>
<!-- Generated by org.testng.reporters.JUnitReportReporter -->
<testsuite hostname="EPBYMINW0610" name="com.epam.cnta.webdriver.demo1.GitHubTest" tests="1" failures="0" timestamp="19 Feb 2016 09:57:09 GMT" time="4.124" errors="0">
  <testcase name="loginToGithub" time="4.124" classname="com.epam.cnta.webdriver.demo1.GitHubTest"/>
</testsuite> <!-- com.epam.cnta.webdriver.demo1.GitHubTest -->
