<?xml version="1.0" encoding="UTF-8" ?>
<testsuite tests="6" failures="0" name="TestSuite" time="51.34" errors="0" skipped="0">
  <properties>
    <property name="java.runtime.name" value="Java(TM) SE Runtime Environment"/>
    <property name="sun.boot.library.path" value="D:\dev\tools\jdk1.8\jre\bin"/>
    <property name="java.vm.version" value="25.45-b02"/>
    <property name="java.vm.vendor" value="Oracle Corporation"/>
    <property name="maven.multiModuleProjectDirectory" value="D:\workdocument\Automation\Project\WebDriver\Demo6_2_v2\WebDriverPO_Module6_2"/>
    <property name="java.vendor.url" value="http://java.oracle.com/"/>
    <property name="path.separator" value=";"/>
    <property name="guice.disable.misplaced.annotation.check" value="true"/>
    <property name="java.vm.name" value="Java HotSpot(TM) 64-Bit Server VM"/>
    <property name="file.encoding.pkg" value="sun.io"/>
    <property name="user.script" value=""/>
    <property name="user.country" value="US"/>
    <property name="sun.java.launcher" value="SUN_STANDARD"/>
    <property name="sun.os.patch.level" value=""/>
    <property name="java.vm.specification.name" value="Java Virtual Machine Specification"/>
    <property name="user.dir" value="D:\workdocument\Automation\Project\WebDriver\Demo6_2_v2\WebDriverPO_Module6_2"/>
    <property name="java.runtime.version" value="1.8.0_45-b15"/>
    <property name="java.awt.graphicsenv" value="sun.awt.Win32GraphicsEnvironment"/>
    <property name="java.endorsed.dirs" value="D:\dev\tools\jdk1.8\jre\lib\endorsed"/>
    <property name="os.arch" value="amd64"/>
    <property name="java.io.tmpdir" value="C:\Users\Ivan_Fan\AppData\Local\Temp\"/>
    <property name="line.separator" value="
"/>
    <property name="java.vm.specification.vendor" value="Oracle Corporation"/>
    <property name="user.variant" value=""/>
    <property name="os.name" value="Windows 8.1"/>
    <property name="classworlds.conf" value="D:\tng-cms-git-workspace\.metadata\.plugins\org.eclipse.m2e.launching\launches\m2conf8695862230788300399.tmp"/>
    <property name="sun.jnu.encoding" value="Cp1251"/>
    <property name="java.library.path" value="D:\dev\tools\jdk1.8\bin;C:\WINDOWS\Sun\Java\bin;C:\WINDOWS\system32;C:\WINDOWS;C:\ProgramData\Oracle\Java\javapath;D:\dev\tools\apache-maven-3.0.5\bin;D:\dev\tools\jdk1.8\bin;D:\oraclexe\app\oracle\product\11.2.0\server\bin;C:\WINDOWS\system32;C:\WINDOWS;C:\WINDOWS\System32\Wbem;C:\WINDOWS\System32\WindowsPowerShell\v1.0\;C:\WINDOWS\idmu\common;C:\Program Files\TortoiseSVN\bin;D:\dev\tools\TortoiseGit\bin;D:\dev\tools\mergeTool;D:\software\ffmpeg-20150326-git-1f5d1ee-win64-static\ffmpeg-20150326-git-1f5d1ee-win64-static\bin;D:\dev\tools\gradle-2.4\bin;C:\Program Files\Microsoft SQL Server\110\Tools\Binn\;D:\dev\tools\adt-bundle-windows-x86-20130917\sdk\tools;D:\dev\tools\adt-bundle-windows-x86-20130917\sdk\platform-tools;D:\dev\tools\adt-bundle-windows-x86-20130917\eclipse\plugins\org.apache.ant_1.8.3.v201301120609\bin;C:\Program Files (x86)\Brackets\command;D:\dev\tools\nvm;C:\Program Files\nodejs;C:\Program Files\nodejs\;C:\Ruby22-x64\bin;D:\dev\tools\nvm;C:\Program Files\nodejs;C:\Users\Ivan_Fan\AppData\Roaming\npm;C:\Users\Ivan_Fan\AppData\Local\atom\bin;."/>
    <property name="java.specification.name" value="Java Platform API Specification"/>
    <property name="java.class.version" value="52.0"/>
    <property name="sun.management.compiler" value="HotSpot 64-Bit Tiered Compilers"/>
    <property name="os.version" value="6.3"/>
    <property name="user.home" value="C:\Users\Ivan_Fan"/>
    <property name="user.timezone" value="Asia/Shanghai"/>
    <property name="java.awt.printerjob" value="sun.awt.windows.WPrinterJob"/>
    <property name="java.specification.version" value="1.8"/>
    <property name="file.encoding" value="Cp1251"/>
    <property name="user.name" value="Ivan_Fan"/>
    <property name="java.class.path" value="/D:/dev/tools/eclipse/plugins/org.eclipse.m2e.maven.runtime_1.6.1.20150625-2337/jars/plexus-classworlds-2.5.2.jar"/>
    <property name="java.vm.specification.version" value="1.8"/>
    <property name="sun.arch.data.model" value="64"/>
    <property name="java.home" value="D:\dev\tools\jdk1.8\jre"/>
    <property name="sun.java.command" value="org.codehaus.plexus.classworlds.launcher.Launcher -B test"/>
    <property name="java.specification.vendor" value="Oracle Corporation"/>
    <property name="user.language" value="en"/>
    <property name="awt.toolkit" value="sun.awt.windows.WToolkit"/>
    <property name="java.vm.info" value="mixed mode"/>
    <property name="java.version" value="1.8.0_45"/>
    <property name="java.ext.dirs" value="D:\dev\tools\jdk1.8\jre\lib\ext;C:\WINDOWS\Sun\Java\lib\ext"/>
    <property name="sun.boot.class.path" value="D:\dev\tools\jdk1.8\jre\lib\resources.jar;D:\dev\tools\jdk1.8\jre\lib\rt.jar;D:\dev\tools\jdk1.8\jre\lib\sunrsasign.jar;D:\dev\tools\jdk1.8\jre\lib\jsse.jar;D:\dev\tools\jdk1.8\jre\lib\jce.jar;D:\dev\tools\jdk1.8\jre\lib\charsets.jar;D:\dev\tools\jdk1.8\jre\lib\jfr.jar;D:\dev\tools\jdk1.8\jre\classes"/>
    <property name="java.vendor" value="Oracle Corporation"/>
    <property name="maven.home" value="D:\workdocument\Automation\Project\WebDriver\Demo6_2_v2\WebDriverPO_Module6_2\EMBEDDED"/>
    <property name="file.separator" value="\"/>
    <property name="java.vendor.url.bug" value="http://bugreport.sun.com/bugreport/"/>
    <property name="sun.cpu.endian" value="little"/>
    <property name="sun.io.unicode.encoding" value="UnicodeLittle"/>
    <property name="sun.desktop" value="windows"/>
    <property name="sun.cpu.isalist" value="amd64"/>
  </properties>
  <testcase classname="com.epam.cnta.webdriver.demo1.GitHubTest" name="loginToGithub" time="10.954"/>
  <testcase classname="com.epam.cnta.webdriver.demo2.additional.custom_page_object.GitHubTest" name="loginToGithub" time="9.331"/>
  <testcase classname="com.epam.cnta.webdriver.demo2.additional.custom_page_object_with_abstract_page.GitHubTest" name="loginToGithub" time="6.783"/>
  <testcase classname="com.epam.cnta.webdriver.demo2.additional.native_page_object_constructor_modified.GitHubTest" name="loginToGithub" time="10.459"/>
  <testcase classname="com.epam.cnta.webdriver.demo2.additional.native_page_object_with_abstract_page.GitHubTest" name="loginToGithub" time="6.562"/>
  <testcase classname="com.epam.cnta.webdriver.demo2.lection_demo_native_page_object.GitHubTest" name="loginToGithub" time="7.251"/>
</testsuite>